  [1m[35m (1034.0ms)[0m  [1m[35mCREATE TABLE "schema_migrations" ("version" character varying NOT NULL PRIMARY KEY)[0m
  [1m[35m (104.3ms)[0m  [1m[35mCREATE TABLE "ar_internal_metadata" ("key" character varying NOT NULL PRIMARY KEY, "value" character varying, "created_at" timestamp NOT NULL, "updated_at" timestamp NOT NULL)[0m
  [1m[35m (134.2ms)[0m  [1m[34mSELECT pg_try_advisory_lock(7768654365981934215)[0m
  [1m[35m (11.7ms)[0m  [1m[34mSELECT "schema_migrations"."version" FROM "schema_migrations" ORDER BY "schema_migrations"."version" ASC[0m
Migrating to CreateUsers (20171024001859)
  [1m[35m (0.5ms)[0m  [1m[35mBEGIN[0m
  [1m[35m (161.3ms)[0m  [1m[35mCREATE TABLE "users" ("id" bigserial primary key, "name" character varying, "phone" character varying, "email" character varying, "created_at" timestamp NOT NULL, "updated_at" timestamp NOT NULL)[0m
  [1m[35mSQL (83.5ms)[0m  [1m[32mINSERT INTO "schema_migrations" ("version") VALUES ($1) RETURNING "version"[0m  [["version", "20171024001859"]]
  [1m[35m (9.4ms)[0m  [1m[35mCOMMIT[0m
Migrating to CreateTags (20171024002016)
  [1m[35m (14.9ms)[0m  [1m[35mBEGIN[0m
  [1m[35m (36.3ms)[0m  [1m[35mCREATE TABLE "tags" ("id" bigserial primary key, "name" character varying, "created_at" timestamp NOT NULL, "updated_at" timestamp NOT NULL)[0m
  [1m[35mSQL (0.5ms)[0m  [1m[32mINSERT INTO "schema_migrations" ("version") VALUES ($1) RETURNING "version"[0m  [["version", "20171024002016"]]
  [1m[35m (0.9ms)[0m  [1m[35mCOMMIT[0m
Migrating to CreateListings (20171024002943)
  [1m[35m (14.7ms)[0m  [1m[35mBEGIN[0m
  [1m[35m (98.4ms)[0m  [1m[35mCREATE TABLE "listings" ("id" bigserial primary key, "street" character varying, "city" character varying, "postcode" integer, "state" character varying, "moving_date" date, "moving_time" time, "price" integer, "description" text, "image" character varying, "created_at" timestamp NOT NULL, "updated_at" timestamp NOT NULL)[0m
  [1m[35mSQL (0.7ms)[0m  [1m[32mINSERT INTO "schema_migrations" ("version") VALUES ($1) RETURNING "version"[0m  [["version", "20171024002943"]]
  [1m[35m (0.9ms)[0m  [1m[35mCOMMIT[0m
Migrating to CreateUserListings (20171024003345)
  [1m[35m (15.7ms)[0m  [1m[35mBEGIN[0m
  [1m[35m (178.3ms)[0m  [1m[35mCREATE TABLE "user_listings" ("id" bigserial primary key, "user_id" bigint, "listing_id" bigint, "created_at" timestamp NOT NULL, "updated_at" timestamp NOT NULL, CONSTRAINT "fk_rails_1ea4aadbae"
FOREIGN KEY ("user_id")
  REFERENCES "users" ("id")
, CONSTRAINT "fk_rails_2bb961f477"
FOREIGN KEY ("listing_id")
  REFERENCES "listings" ("id")
)[0m
  [1m[35m (1.8ms)[0m  [1m[35mCREATE  INDEX  "index_user_listings_on_user_id" ON "user_listings"  ("user_id")[0m
  [1m[35m (1.8ms)[0m  [1m[35mCREATE  INDEX  "index_user_listings_on_listing_id" ON "user_listings"  ("listing_id")[0m
  [1m[35mSQL (0.8ms)[0m  [1m[32mINSERT INTO "schema_migrations" ("version") VALUES ($1) RETURNING "version"[0m  [["version", "20171024003345"]]
  [1m[35m (1.0ms)[0m  [1m[35mCOMMIT[0m
Migrating to CreateListingTags (20171024003504)
  [1m[35m (180.3ms)[0m  [1m[35mBEGIN[0m
  [1m[35m (43.2ms)[0m  [1m[35mCREATE TABLE "listing_tags" ("id" bigserial primary key, "listing_id" bigint, "tag_id" bigint, "created_at" timestamp NOT NULL, "updated_at" timestamp NOT NULL, CONSTRAINT "fk_rails_66e3a27647"
FOREIGN KEY ("listing_id")
  REFERENCES "listings" ("id")
, CONSTRAINT "fk_rails_f7ee40ab29"
FOREIGN KEY ("tag_id")
  REFERENCES "tags" ("id")
)[0m
  [1m[35m (46.8ms)[0m  [1m[35mCREATE  INDEX  "index_listing_tags_on_listing_id" ON "listing_tags"  ("listing_id")[0m
  [1m[35m (12.4ms)[0m  [1m[35mCREATE  INDEX  "index_listing_tags_on_tag_id" ON "listing_tags"  ("tag_id")[0m
  [1m[35mSQL (0.5ms)[0m  [1m[32mINSERT INTO "schema_migrations" ("version") VALUES ($1) RETURNING "version"[0m  [["version", "20171024003504"]]
  [1m[35m (16.1ms)[0m  [1m[35mCOMMIT[0m
  [1m[36mActiveRecord::InternalMetadata Load (1.0ms)[0m  [1m[34mSELECT  "ar_internal_metadata".* FROM "ar_internal_metadata" WHERE "ar_internal_metadata"."key" = $1 LIMIT $2[0m  [["key", "environment"], ["LIMIT", 1]]
  [1m[35m (0.2ms)[0m  [1m[35mBEGIN[0m
  [1m[35mSQL (73.5ms)[0m  [1m[32mINSERT INTO "ar_internal_metadata" ("key", "value", "created_at", "updated_at") VALUES ($1, $2, $3, $4) RETURNING "key"[0m  [["key", "environment"], ["value", "development"], ["created_at", "2017-10-24 00:35:56.072241"], ["updated_at", "2017-10-24 00:35:56.072241"]]
  [1m[35m (10.5ms)[0m  [1m[35mCOMMIT[0m
  [1m[35m (0.6ms)[0m  [1m[34mSELECT pg_advisory_unlock(7768654365981934215)[0m
  [1m[35m (11.7ms)[0m  [1m[34mSELECT "schema_migrations"."version" FROM "schema_migrations" ORDER BY "schema_migrations"."version" ASC[0m
  [1m[35m (20.0ms)[0m  [1m[34mSELECT COUNT(*) FROM "users"[0m
  [1m[35m (1.0ms)[0m  [1m[34mSELECT COUNT(*) FROM "users"[0m
  [1m[35m (12.7ms)[0m  [1m[34mSELECT COUNT(*) FROM "tags"[0m
  [1m[35m (21.7ms)[0m  [1m[34mSELECT COUNT(*) FROM "listings"[0m
  [1m[35m (32.7ms)[0m  [1m[34mSELECT COUNT(*) FROM "user_listings"[0m
  [1m[35m (16.4ms)[0m  [1m[34mSELECT COUNT(*) FROM "listing_tags"[0m
  [1m[35m (95.7ms)[0m  [1m[34mSELECT "schema_migrations"."version" FROM "schema_migrations" ORDER BY "schema_migrations"."version" ASC[0m
  [1m[35m (0.4ms)[0m  [1m[34mSELECT pg_try_advisory_lock(7768654365981934215)[0m
  [1m[35m (0.5ms)[0m  [1m[34mSELECT "schema_migrations"."version" FROM "schema_migrations" ORDER BY "schema_migrations"."version" ASC[0m
Migrating to CreateListingTags (20171024003504)
  [1m[35m (0.3ms)[0m  [1m[35mBEGIN[0m
  [1m[35m (363.7ms)[0m  [1m[35mDROP TABLE "listing_tags"[0m
  [1m[35mSQL (28.7ms)[0m  [1m[31mDELETE FROM "schema_migrations" WHERE "schema_migrations"."version" = $1[0m  [["version", "20171024003504"]]
  [1m[35m (34.7ms)[0m  [1m[35mCOMMIT[0m
  [1m[35m (0.4ms)[0m  [1m[34mSELECT pg_advisory_unlock(7768654365981934215)[0m
  [1m[35m (0.3ms)[0m  [1m[34mSELECT "schema_migrations"."version" FROM "schema_migrations" ORDER BY "schema_migrations"."version" ASC[0m
  [1m[35m (0.5ms)[0m  [1m[34mSELECT pg_try_advisory_lock(7768654365981934215)[0m
  [1m[35m (24.6ms)[0m  [1m[34mSELECT "schema_migrations"."version" FROM "schema_migrations" ORDER BY "schema_migrations"."version" ASC[0m
Migrating to CreateListingTags (20171024003504)
  [1m[35m (0.3ms)[0m  [1m[35mBEGIN[0m
  [1m[35m (104.5ms)[0m  [1m[35mCREATE TABLE "listing_tags" ("id" bigserial primary key, "listing_id" bigint, "tag_id" bigint, "created_at" timestamp NOT NULL, "updated_at" timestamp NOT NULL, CONSTRAINT "fk_rails_66e3a27647"
FOREIGN KEY ("listing_id")
  REFERENCES "listings" ("id")
, CONSTRAINT "fk_rails_f7ee40ab29"
FOREIGN KEY ("tag_id")
  REFERENCES "tags" ("id")
)[0m
  [1m[35m (1.3ms)[0m  [1m[35mCREATE  INDEX  "index_listing_tags_on_listing_id" ON "listing_tags"  ("listing_id")[0m
  [1m[35m (1.4ms)[0m  [1m[35mCREATE  INDEX  "index_listing_tags_on_tag_id" ON "listing_tags"  ("tag_id")[0m
  [1m[35mSQL (0.5ms)[0m  [1m[32mINSERT INTO "schema_migrations" ("version") VALUES ($1) RETURNING "version"[0m  [["version", "20171024003504"]]
  [1m[35m (1324.8ms)[0m  [1m[35mCOMMIT[0m
Migrating to CreateListings (20171024005549)
  [1m[35m (15.1ms)[0m  [1m[35mBEGIN[0m
  [1m[35m (112.1ms)[0m  [1m[35mCREATE TABLE "listings" ("id" bigserial primary key, "street" character varying, "city" character varying, "postcode" integer, "state" character varying, "moving_date" date, "moving_time" time, "price" integer, "description" text, "image" character varying, "creator_id" integer, "created_at" timestamp NOT NULL, "updated_at" timestamp NOT NULL)[0m
  [1m[35m (0.4ms)[0m  [1m[31mROLLBACK[0m
  [1m[35m (0.5ms)[0m  [1m[34mSELECT pg_advisory_unlock(7768654365981934215)[0m
  [1m[35m (22.4ms)[0m  [1m[34mSELECT "schema_migrations"."version" FROM "schema_migrations" ORDER BY "schema_migrations"."version" ASC[0m
  [1m[35m (44.2ms)[0m  [1m[34mSELECT "ar_internal_metadata"."value" FROM "ar_internal_metadata" WHERE "ar_internal_metadata"."key" = $1[0m  [["key", "environment"]]
  [1m[35m (0.5ms)[0m  [1m[34mSELECT "schema_migrations"."version" FROM "schema_migrations" ORDER BY "schema_migrations"."version" ASC[0m
  [1m[35m (0.4ms)[0m  [1m[34mSELECT "ar_internal_metadata"."value" FROM "ar_internal_metadata" WHERE "ar_internal_metadata"."key" = $1[0m  [["key", "environment"]]
  [1m[35m (0.4ms)[0m  [1m[34mSELECT "schema_migrations"."version" FROM "schema_migrations" ORDER BY "schema_migrations"."version" ASC[0m
  [1m[35m (0.4ms)[0m  [1m[34mSELECT "ar_internal_metadata"."value" FROM "ar_internal_metadata" WHERE "ar_internal_metadata"."key" = $1[0m  [["key", "environment"]]
  [1m[35m (1739.4ms)[0m  [1m[35mDROP DATABASE IF EXISTS "smooth_move_development"[0m
  [1m[35m (556.1ms)[0m  [1m[35mDROP DATABASE IF EXISTS "smooth_move_test"[0m
  [1m[35m (130.5ms)[0m  [1m[35mCREATE TABLE "schema_migrations" ("version" character varying NOT NULL PRIMARY KEY)[0m
  [1m[35m (6.7ms)[0m  [1m[35mCREATE TABLE "ar_internal_metadata" ("key" character varying NOT NULL PRIMARY KEY, "value" character varying, "created_at" timestamp NOT NULL, "updated_at" timestamp NOT NULL)[0m
  [1m[35m (18.9ms)[0m  [1m[34mSELECT pg_try_advisory_lock(7768654365981934215)[0m
  [1m[35m (13.0ms)[0m  [1m[34mSELECT "schema_migrations"."version" FROM "schema_migrations" ORDER BY "schema_migrations"."version" ASC[0m
Migrating to CreateUsers (20171024001859)
  [1m[35m (0.3ms)[0m  [1m[35mBEGIN[0m
  [1m[35m (48.7ms)[0m  [1m[35mCREATE TABLE "users" ("id" bigserial primary key, "name" character varying, "phone" character varying, "email" character varying, "created_at" timestamp NOT NULL, "updated_at" timestamp NOT NULL)[0m
  [1m[35mSQL (0.8ms)[0m  [1m[32mINSERT INTO "schema_migrations" ("version") VALUES ($1) RETURNING "version"[0m  [["version", "20171024001859"]]
  [1m[35m (0.7ms)[0m  [1m[35mCOMMIT[0m
Migrating to CreateTags (20171024002016)
  [1m[35m (15.8ms)[0m  [1m[35mBEGIN[0m
  [1m[35m (8.7ms)[0m  [1m[35mCREATE TABLE "tags" ("id" bigserial primary key, "name" character varying, "created_at" timestamp NOT NULL, "updated_at" timestamp NOT NULL)[0m
  [1m[35mSQL (25.9ms)[0m  [1m[32mINSERT INTO "schema_migrations" ("version") VALUES ($1) RETURNING "version"[0m  [["version", "20171024002016"]]
  [1m[35m (1.0ms)[0m  [1m[35mCOMMIT[0m
Migrating to CreateUserListings (20171024003345)
  [1m[35m (14.8ms)[0m  [1m[35mBEGIN[0m
  [1m[35m (126.6ms)[0m  [1m[35mCREATE TABLE "user_listings" ("id" bigserial primary key, "user_id" bigint, "listing_id" bigint, "created_at" timestamp NOT NULL, "updated_at" timestamp NOT NULL, CONSTRAINT "fk_rails_1ea4aadbae"
FOREIGN KEY ("user_id")
  REFERENCES "users" ("id")
, CONSTRAINT "fk_rails_2bb961f477"
FOREIGN KEY ("listing_id")
  REFERENCES "listings" ("id")
)[0m
  [1m[35m (0.2ms)[0m  [1m[31mROLLBACK[0m
  [1m[35m (0.5ms)[0m  [1m[34mSELECT pg_advisory_unlock(7768654365981934215)[0m
  [1m[35m (0.3ms)[0m  [1m[34mSELECT pg_try_advisory_lock(7768654365981934215)[0m
  [1m[35m (18.9ms)[0m  [1m[34mSELECT "schema_migrations"."version" FROM "schema_migrations" ORDER BY "schema_migrations"."version" ASC[0m
Migrating to CreateListingTags (20171024003504)
  [1m[35m (0.3ms)[0m  [1m[35mBEGIN[0m
  [1m[35m (140.0ms)[0m  [1m[35mCREATE TABLE "listing_tags" ("id" bigserial primary key, "listing_id" bigint, "tag_id" bigint, "created_at" timestamp NOT NULL, "updated_at" timestamp NOT NULL, CONSTRAINT "fk_rails_66e3a27647"
FOREIGN KEY ("listing_id")
  REFERENCES "listings" ("id")
, CONSTRAINT "fk_rails_f7ee40ab29"
FOREIGN KEY ("tag_id")
  REFERENCES "tags" ("id")
)[0m
  [1m[35m (0.3ms)[0m  [1m[31mROLLBACK[0m
  [1m[35m (0.5ms)[0m  [1m[34mSELECT pg_advisory_unlock(7768654365981934215)[0m
  [1m[35m (0.4ms)[0m  [1m[34mSELECT pg_try_advisory_lock(7768654365981934215)[0m
  [1m[35m (15.2ms)[0m  [1m[34mSELECT "schema_migrations"."version" FROM "schema_migrations" ORDER BY "schema_migrations"."version" ASC[0m
Migrating to CreateListings (20171024002017)
  [1m[35m (0.4ms)[0m  [1m[35mBEGIN[0m
  [1m[35m (291.1ms)[0m  [1m[35mCREATE TABLE "listings" ("id" bigserial primary key, "street" character varying, "city" character varying, "postcode" integer, "state" character varying, "moving_date" date, "moving_time" time, "price" integer, "description" text, "image" character varying, "creator_id" integer, "created_at" timestamp NOT NULL, "updated_at" timestamp NOT NULL)[0m
  [1m[35m (136.5ms)[0m  [1m[35mALTER TABLE "users" ADD CONSTRAINT "fk_rails_39586d2d5f"
FOREIGN KEY ("{:column=>:creator_id}_id")
  REFERENCES "{:column=>:creator_id}" ("id")
[0m
  [1m[35m (0.6ms)[0m  [1m[31mROLLBACK[0m
  [1m[35m (0.6ms)[0m  [1m[34mSELECT pg_advisory_unlock(7768654365981934215)[0m
  [1m[35m (0.4ms)[0m  [1m[34mSELECT pg_try_advisory_lock(7768654365981934215)[0m
  [1m[35m (20.3ms)[0m  [1m[34mSELECT "schema_migrations"."version" FROM "schema_migrations" ORDER BY "schema_migrations"."version" ASC[0m
Migrating to CreateListings (20171024002017)
  [1m[35m (0.3ms)[0m  [1m[35mBEGIN[0m
  [1m[35m (109.7ms)[0m  [1m[35mCREATE TABLE "listings" ("id" bigserial primary key, "street" character varying, "city" character varying, "postcode" integer, "state" character varying, "moving_date" date, "moving_time" time, "price" integer, "description" text, "image" character varying, "creator_id" integer, "created_at" timestamp NOT NULL, "updated_at" timestamp NOT NULL)[0m
  [1m[35mSQL (0.6ms)[0m  [1m[32mINSERT INTO "schema_migrations" ("version") VALUES ($1) RETURNING "version"[0m  [["version", "20171024002017"]]
  [1m[35m (17.0ms)[0m  [1m[35mCOMMIT[0m
Migrating to CreateListingTags (20171024003504)
  [1m[35m (170.4ms)[0m  [1m[35mBEGIN[0m
  [1m[35m (48.2ms)[0m  [1m[35mCREATE TABLE "listing_tags" ("id" bigserial primary key, "listing_id" bigint, "tag_id" bigint, "created_at" timestamp NOT NULL, "updated_at" timestamp NOT NULL, CONSTRAINT "fk_rails_66e3a27647"
FOREIGN KEY ("listing_id")
  REFERENCES "listings" ("id")
, CONSTRAINT "fk_rails_f7ee40ab29"
FOREIGN KEY ("tag_id")
  REFERENCES "tags" ("id")
)[0m
  [1m[35m (27.8ms)[0m  [1m[35mCREATE  INDEX  "index_listing_tags_on_listing_id" ON "listing_tags"  ("listing_id")[0m
  [1m[35m (1.5ms)[0m  [1m[35mCREATE  INDEX  "index_listing_tags_on_tag_id" ON "listing_tags"  ("tag_id")[0m
  [1m[35mSQL (0.5ms)[0m  [1m[32mINSERT INTO "schema_migrations" ("version") VALUES ($1) RETURNING "version"[0m  [["version", "20171024003504"]]
  [1m[35m (1.0ms)[0m  [1m[35mCOMMIT[0m
Migrating to CreateUserListings (20171024005550)
  [1m[35m (16.2ms)[0m  [1m[35mBEGIN[0m
  [1m[35m (46.3ms)[0m  [1m[35mCREATE TABLE "user_listings" ("id" bigserial primary key, "user_id" bigint, "listing_id" bigint, "created_at" timestamp NOT NULL, "updated_at" timestamp NOT NULL, CONSTRAINT "fk_rails_1ea4aadbae"
FOREIGN KEY ("user_id")
  REFERENCES "users" ("id")
, CONSTRAINT "fk_rails_2bb961f477"
FOREIGN KEY ("listing_id")
  REFERENCES "listings" ("id")
)[0m
  [1m[35m (1.4ms)[0m  [1m[35mCREATE  INDEX  "index_user_listings_on_user_id" ON "user_listings"  ("user_id")[0m
  [1m[35m (1.3ms)[0m  [1m[35mCREATE  INDEX  "index_user_listings_on_listing_id" ON "user_listings"  ("listing_id")[0m
  [1m[35mSQL (0.4ms)[0m  [1m[32mINSERT INTO "schema_migrations" ("version") VALUES ($1) RETURNING "version"[0m  [["version", "20171024005550"]]
  [1m[35m (0.7ms)[0m  [1m[35mCOMMIT[0m
  [1m[36mActiveRecord::InternalMetadata Load (10.2ms)[0m  [1m[34mSELECT  "ar_internal_metadata".* FROM "ar_internal_metadata" WHERE "ar_internal_metadata"."key" = $1 LIMIT $2[0m  [["key", "environment"], ["LIMIT", 1]]
  [1m[35m (0.2ms)[0m  [1m[35mBEGIN[0m
  [1m[35mSQL (30.3ms)[0m  [1m[32mINSERT INTO "ar_internal_metadata" ("key", "value", "created_at", "updated_at") VALUES ($1, $2, $3, $4) RETURNING "key"[0m  [["key", "environment"], ["value", "development"], ["created_at", "2017-10-24 01:11:30.543066"], ["updated_at", "2017-10-24 01:11:30.543066"]]
  [1m[35m (0.8ms)[0m  [1m[35mCOMMIT[0m
  [1m[35m (0.6ms)[0m  [1m[34mSELECT pg_advisory_unlock(7768654365981934215)[0m
  [1m[35m (0.5ms)[0m  [1m[34mSELECT "schema_migrations"."version" FROM "schema_migrations" ORDER BY "schema_migrations"."version" ASC[0m
